<?xml version="1.0" encoding="UTF-8"?>
<testng-results skipped="0" failed="0" total="0" passed="0">
  <reporter-output>
  </reporter-output>
  <suite name="com.staffing.AppTest" duration-ms="1" started-at="2016-05-16T11:56:32Z" finished-at="2016-05-16T11:56:32Z">
    <groups>
    </groups>
    <test name="Command line test" duration-ms="1" started-at="2016-05-16T11:56:32Z" finished-at="2016-05-16T11:56:32Z">
    </test> <!-- Command line test -->
  </suite> <!-- com.staffing.AppTest -->
</testng-results>
